fusesoc --cores-root . run --build --target tb_torus_5x3 tinynocs:src:dv-torus
build/tinynocs_src_dv-torus_0.0.1/tb_torus_5x3-verilator/Vtorus
Configuration: 
	Trace: Disabled
	Cycle Limit: 1000000
------------------
 Simulation Begin
------------------
Simulated 37391 cycles in 2061ms, rate of 18142.2 cycles per second.

[INFO] tinyNoC TB Statistics
       Network Style: Torus
       Number of Endpoints: 16
       Requester/Responder Endpoints: 16
       Total requests (for all endpoints): 160000
       Cycles to complete requests: 37384
       Request Completion Rate: 4.27991 requests per cycle
       Request Completion Rate Per Endpoint: 0.267494 requests per cycle
       Cycles per Request: 0.23365

build/tinynocs_src_dv-torus_0.0.1/tb_torus_5x3-verilator/Vtorus --split-endpoints
Configuration: 
	Trace: Disabled
	Cycle Limit: 1000000
------------------
 Simulation Begin
------------------
Simulated 26168 cycles in 815ms, rate of 32108 cycles per second.

[INFO] tinyNoC TB Statistics
       Network Style: Torus
       Number of Endpoints: 16
       Requester/Responder Endpoints: 8
       Total requests (for all endpoints): 80000
       Cycles to complete requests: 26161
       Request Completion Rate: 3.05799 requests per cycle
       Request Completion Rate Per Endpoint: 0.382248 requests per cycle
       Cycles per Request: 0.327013

build/tinynocs_src_dv-torus_0.0.1/tb_torus_5x3-verilator/Vtorus --perfect-mapping
Configuration: 
	Trace: Disabled
	Cycle Limit: 1000000
------------------
 Simulation Begin
------------------
Simulated 10019 cycles in 445ms, rate of 22514.6 cycles per second.

[INFO] tinyNoC TB Statistics
       Network Style: Torus
       Number of Endpoints: 16
       Requester/Responder Endpoints: 8
       Total requests (for all endpoints): 80000
       Cycles to complete requests: 10012
       Request Completion Rate: 7.99041 requests per cycle
       Request Completion Rate Per Endpoint: 0.998801 requests per cycle
       Cycles per Request: 0.12515

Built and ran a 16-endpoint 5x3 torus network with basic params\n
