fusesoc --cores-root . run --build --target tb_torus_5x3 tinynocs:src:dv-torus
build/tinynocs_src_dv-torus_0.0.1/tb_torus_5x3-verilator/Vtorus
Configuration: 
	Trace: Disabled
	Cycle Limit: 1000000
------------------
 Simulation Begin
------------------
Simulated 38008 cycles in 1586ms, rate of 23964.7 cycles per second.

[INFO] tinyNoC TB Statistics
       Network Style: Torus
       Number of Endpoints: 16
       Requester/Responder Endpoints: 16
       Total requests (for all endpoints): 160000
       Cycles to complete requests: 38001
       Request Completion Rate: 4.21042 requests per cycle
       Request Completion Rate Per Endpoint: 0.263151 requests per cycle
       Cycles per Request: 0.237506

build/tinynocs_src_dv-torus_0.0.1/tb_torus_5x3-verilator/Vtorus --split-endpoints
Configuration: 
	Trace: Disabled
	Cycle Limit: 1000000
------------------
 Simulation Begin
------------------
Simulated 27374 cycles in 1523ms, rate of 17973.7 cycles per second.

[INFO] tinyNoC TB Statistics
       Network Style: Torus
       Number of Endpoints: 16
       Requester/Responder Endpoints: 8
       Total requests (for all endpoints): 80000
       Cycles to complete requests: 27367
       Request Completion Rate: 2.92323 requests per cycle
       Request Completion Rate Per Endpoint: 0.365404 requests per cycle
       Cycles per Request: 0.342088

build/tinynocs_src_dv-torus_0.0.1/tb_torus_5x3-verilator/Vtorus --perfect-mapping
Configuration: 
	Trace: Disabled
	Cycle Limit: 1000000
------------------
 Simulation Begin
------------------
Simulated 10019 cycles in 347ms, rate of 28873.2 cycles per second.

[INFO] tinyNoC TB Statistics
       Network Style: Torus
       Number of Endpoints: 16
       Requester/Responder Endpoints: 8
       Total requests (for all endpoints): 80000
       Cycles to complete requests: 10012
       Request Completion Rate: 7.99041 requests per cycle
       Request Completion Rate Per Endpoint: 0.998801 requests per cycle
       Cycles per Request: 0.12515

Built and ran a 16-endpoint 5x3 torus network with basic params\n
