fusesoc --cores-root . run --build --target tb_torus_5x3 tinynocs:src:dv-torus
build/tinynocs_src_dv-torus_0.0.1/tb_torus_5x3-verilator/Vtorus
Configuration: 
	Trace: Disabled
	Cycle Limit: 1000000
------------------
 Simulation Begin
------------------
Simulated 49071 cycles in 1567ms, rate of 31315.3 cycles per second.

[INFO] tinyNoC TB Statistics
       Network Style: Torus
       Number of Endpoints: 16
       Requester/Responder Endpoints: 16
       Total requests (for all endpoints): 160000
       Cycles to complete requests: 49064
       Request Completion Rate: 3.26105 requests per cycle
       Request Completion Rate Per Endpoint: 0.203815 requests per cycle
       Cycles per Request: 0.30665

build/tinynocs_src_dv-torus_0.0.1/tb_torus_5x3-verilator/Vtorus --split-endpoints
Configuration: 
	Trace: Disabled
	Cycle Limit: 1000000
------------------
 Simulation Begin
------------------
Simulated 43371 cycles in 1475ms, rate of 29404.1 cycles per second.

[INFO] tinyNoC TB Statistics
       Network Style: Torus
       Number of Endpoints: 16
       Requester/Responder Endpoints: 8
       Total requests (for all endpoints): 80000
       Cycles to complete requests: 43364
       Request Completion Rate: 1.84485 requests per cycle
       Request Completion Rate Per Endpoint: 0.230606 requests per cycle
       Cycles per Request: 0.54205

build/tinynocs_src_dv-torus_0.0.1/tb_torus_5x3-verilator/Vtorus --perfect-mapping
Configuration: 
	Trace: Disabled
	Cycle Limit: 1000000
------------------
 Simulation Begin
------------------
Simulated 32510 cycles in 1018ms, rate of 31935.2 cycles per second.

[INFO] tinyNoC TB Statistics
       Network Style: Torus
       Number of Endpoints: 16
       Requester/Responder Endpoints: 8
       Total requests (for all endpoints): 80000
       Cycles to complete requests: 32503
       Request Completion Rate: 2.46131 requests per cycle
       Request Completion Rate Per Endpoint: 0.307664 requests per cycle
       Cycles per Request: 0.406287

Built and ran a 16-endpoint 5x3 torus network with basic params\n
