Clock: CLK
Sources: CLK 
Generated: no
Virtual: yes
Propagated: no
Period: 10.000000

===========================================================================
report_clock_properties
============================================================================
Clock                   Period          Waveform
----------------------------------------------------
CLK                  10.000000    0.000000  5.000000

===========================================================================
report_clock_latency
============================================================================
Clock CLK
rise -> rise
    min     max
0.000000 0.000000 source latency
3.848810         network latency endpoint_9/net_rx_buffer/_7942_/CLK
        4.969953 network latency endpoint_9/endpoint_tx_buffer/_31486_/CLK
---------------
3.848810 4.969953 latency
        1.121142 skew

fall -> fall
    min     max
0.000000 0.000000 source latency
3.320245         network latency endpoint_9/net_rx_buffer/_7942_/CLK
        4.481058 network latency endpoint_9/endpoint_tx_buffer/_30868_/CLK
---------------
3.320245 4.481058 latency
        1.160813 skew



===========================================================================
report_clock_min_period
============================================================================
CLK period_min = 11.80 fmax = 84.73
