fusesoc --cores-root . run --build --target tb_mesh_4x4 tinynocs:src:dv-mesh
build/tinynocs_src_dv-mesh_0.0.1/tb_mesh_4x4-verilator/Vmesh
Configuration: 
	Trace: Disabled
	Cycle Limit: 1000000
------------------
 Simulation Begin
------------------
Simulated 42145 cycles in 2021ms, rate of 20853.5 cycles per second.

[INFO] tinyNoC TB Statistics
       Network Style: Mesh
       Number of Endpoints: 16
       Requester/Responder Endpoints: 16
       Total requests (for all endpoints): 160000
       Cycles to complete requests: 42138
       Request Completion Rate: 3.79705 requests per cycle
       Request Completion Rate Per Endpoint: 0.237315 requests per cycle
       Cycles per Request: 0.263362

build/tinynocs_src_dv-mesh_0.0.1/tb_mesh_4x4-verilator/Vmesh --split-endpoints
Configuration: 
	Trace: Disabled
	Cycle Limit: 1000000
------------------
 Simulation Begin
------------------
Simulated 32754 cycles in 1176ms, rate of 27852 cycles per second.

[INFO] tinyNoC TB Statistics
       Network Style: Mesh
       Number of Endpoints: 16
       Requester/Responder Endpoints: 8
       Total requests (for all endpoints): 80000
       Cycles to complete requests: 32747
       Request Completion Rate: 2.44297 requests per cycle
       Request Completion Rate Per Endpoint: 0.305371 requests per cycle
       Cycles per Request: 0.409337

build/tinynocs_src_dv-mesh_0.0.1/tb_mesh_4x4-verilator/Vmesh --perfect-mapping
Configuration: 
	Trace: Disabled
	Cycle Limit: 1000000
------------------
 Simulation Begin
------------------
Simulated 10021 cycles in 591ms, rate of 16956 cycles per second.

[INFO] tinyNoC TB Statistics
       Network Style: Mesh
       Number of Endpoints: 16
       Requester/Responder Endpoints: 8
       Total requests (for all endpoints): 80000
       Cycles to complete requests: 10014
       Request Completion Rate: 7.98882 requests per cycle
       Request Completion Rate Per Endpoint: 0.998602 requests per cycle
       Cycles per Request: 0.125175

Built and ran a 16-endpoint 4x4 mesh network with basic params\n
