fusesoc --cores-root . run --build --target tb_torus_4x4 tinynocs:src:dv-torus
build/tinynocs_src_dv-torus_0.0.1/tb_torus_4x4-verilator/Vtorus
Configuration: 
	Trace: Disabled
	Cycle Limit: 1000000
------------------
 Simulation Begin
------------------
Simulated 34850 cycles in 1786ms, rate of 19512.9 cycles per second.

[INFO] tinyNoC TB Statistics
       Network Style: Torus
       Number of Endpoints: 16
       Requester/Responder Endpoints: 16
       Total requests (for all endpoints): 160000
       Cycles to complete requests: 34843
       Request Completion Rate: 4.59203 requests per cycle
       Request Completion Rate Per Endpoint: 0.287002 requests per cycle
       Cycles per Request: 0.217769

build/tinynocs_src_dv-torus_0.0.1/tb_torus_4x4-verilator/Vtorus --split-endpoints
Configuration: 
	Trace: Disabled
	Cycle Limit: 1000000
------------------
 Simulation Begin
------------------
Simulated 22836 cycles in 1228ms, rate of 18596.1 cycles per second.

[INFO] tinyNoC TB Statistics
       Network Style: Torus
       Number of Endpoints: 16
       Requester/Responder Endpoints: 8
       Total requests (for all endpoints): 80000
       Cycles to complete requests: 22829
       Request Completion Rate: 3.50431 requests per cycle
       Request Completion Rate Per Endpoint: 0.438039 requests per cycle
       Cycles per Request: 0.285363

build/tinynocs_src_dv-torus_0.0.1/tb_torus_4x4-verilator/Vtorus --perfect-mapping
Configuration: 
	Trace: Disabled
	Cycle Limit: 1000000
------------------
 Simulation Begin
------------------
Simulated 10021 cycles in 500ms, rate of 20042 cycles per second.

[INFO] tinyNoC TB Statistics
       Network Style: Torus
       Number of Endpoints: 16
       Requester/Responder Endpoints: 8
       Total requests (for all endpoints): 80000
       Cycles to complete requests: 10014
       Request Completion Rate: 7.98882 requests per cycle
       Request Completion Rate Per Endpoint: 0.998602 requests per cycle
       Cycles per Request: 0.125175

Built and ran a 16-endpoint 4x4 torus network with basic params\n
