fusesoc --cores-root . run --build --target tb_torus_4x4 tinynocs:src:dv-torus
build/tinynocs_src_dv-torus_0.0.1/tb_torus_4x4-verilator/Vtorus
Configuration: 
	Trace: Disabled
	Cycle Limit: 1000000
------------------
 Simulation Begin
------------------
Simulated 37462 cycles in 430ms, rate of 87120.9 cycles per second.

[INFO] tinyNoC TB Statistics
       Network Style: Torus
       Number of Endpoints: 16
       Requester/Responder Endpoints: 16
       Total requests (for all endpoints): 160000
       Cycles to complete requests: 37455
       Request Completion Rate: 4.27179 requests per cycle
       Request Completion Rate Per Endpoint: 0.266987 requests per cycle
       Cycles per Request: 0.234094

build/tinynocs_src_dv-torus_0.0.1/tb_torus_4x4-verilator/Vtorus --split-endpoints
Configuration: 
	Trace: Disabled
	Cycle Limit: 1000000
------------------
 Simulation Begin
------------------
Simulated 26684 cycles in 276ms, rate of 96681.2 cycles per second.

[INFO] tinyNoC TB Statistics
       Network Style: Torus
       Number of Endpoints: 16
       Requester/Responder Endpoints: 8
       Total requests (for all endpoints): 80000
       Cycles to complete requests: 26677
       Request Completion Rate: 2.99884 requests per cycle
       Request Completion Rate Per Endpoint: 0.374855 requests per cycle
       Cycles per Request: 0.333463

build/tinynocs_src_dv-torus_0.0.1/tb_torus_4x4-verilator/Vtorus --perfect-mapping
Configuration: 
	Trace: Disabled
	Cycle Limit: 1000000
------------------
 Simulation Begin
------------------
Simulated 18764 cycles in 191ms, rate of 98240.8 cycles per second.

[INFO] tinyNoC TB Statistics
       Network Style: Torus
       Number of Endpoints: 16
       Requester/Responder Endpoints: 8
       Total requests (for all endpoints): 80000
       Cycles to complete requests: 18757
       Request Completion Rate: 4.26507 requests per cycle
       Request Completion Rate Per Endpoint: 0.533134 requests per cycle
       Cycles per Request: 0.234462

Built and ran a 16-endpoint 4x4 torus network with basic params

