fusesoc --cores-root . run --build --target tb_ring_16 tinynocs:src:dv-ring
build/tinynocs_src_dv-ring_0.0.1/tb_ring_16-verilator/Vring_16
Configuration: 
	Trace: Disabled
	Cycle Limit: 1000000
------------------
 Simulation Begin
------------------
Simulated 177891 cycles in 7942ms, rate of 22398.8 cycles per second.

[INFO] tinyNoC TB Statistics
       Network Style: Ring
       Number of Endpoints: 16
       Requester/Responder Endpoints: 16
       Total requests (for all endpoints): 160000
       Cycles to complete requests: 177884
       Request Completion Rate: 0.899463 requests per cycle
       Request Completion Rate Per Endpoint: 0.0562164 requests per cycle
       Cycles per Request: 1.11178

build/tinynocs_src_dv-ring_0.0.1/tb_ring_16-verilator/Vring_16 --split-endpoints
Configuration: 
	Trace: Disabled
	Cycle Limit: 1000000
------------------
 Simulation Begin
------------------
Simulated 89322 cycles in 2592ms, rate of 34460.6 cycles per second.

[INFO] tinyNoC TB Statistics
       Network Style: Ring
       Number of Endpoints: 16
       Requester/Responder Endpoints: 8
       Total requests (for all endpoints): 80000
       Cycles to complete requests: 89315
       Request Completion Rate: 0.895706 requests per cycle
       Request Completion Rate Per Endpoint: 0.111963 requests per cycle
       Cycles per Request: 1.11644

build/tinynocs_src_dv-ring_0.0.1/tb_ring_16-verilator/Vring_16 --perfect-mapping
Configuration: 
	Trace: Disabled
	Cycle Limit: 1000000
------------------
 Simulation Begin
------------------
Simulated 87502 cycles in 2564ms, rate of 34127.1 cycles per second.

[INFO] tinyNoC TB Statistics
       Network Style: Ring
       Number of Endpoints: 16
       Requester/Responder Endpoints: 8
       Total requests (for all endpoints): 80000
       Cycles to complete requests: 87495
       Request Completion Rate: 0.914338 requests per cycle
       Request Completion Rate Per Endpoint: 0.114292 requests per cycle
       Cycles per Request: 1.09369

Built and ran a 16-endpoint ring network with basic params\n
