fusesoc --cores-root . run --build --target tb_ring_16 tinynocs:src:dv-ring
build/tinynocs_src_dv-ring_0.0.1/tb_ring_16-verilator/Vring_16
Configuration: 
	Trace: Disabled
	Cycle Limit: 1000000
------------------
 Simulation Begin
------------------
Simulated 180437 cycles in 5321ms, rate of 33910.4 cycles per second.

[INFO] tinyNoC TB Statistics
       Network Style: Ring
       Number of Endpoints: 16
       Requester/Responder Endpoints: 16
       Total requests (for all endpoints): 160000
       Cycles to complete requests: 180430
       Request Completion Rate: 0.88677 requests per cycle
       Request Completion Rate Per Endpoint: 0.0554232 requests per cycle
       Cycles per Request: 1.12769

build/tinynocs_src_dv-ring_0.0.1/tb_ring_16-verilator/Vring_16 --split-endpoints
Configuration: 
	Trace: Disabled
	Cycle Limit: 1000000
------------------
 Simulation Begin
------------------
Simulated 94581 cycles in 3126ms, rate of 30256.2 cycles per second.

[INFO] tinyNoC TB Statistics
       Network Style: Ring
       Number of Endpoints: 16
       Requester/Responder Endpoints: 8
       Total requests (for all endpoints): 80000
       Cycles to complete requests: 94574
       Request Completion Rate: 0.845898 requests per cycle
       Request Completion Rate Per Endpoint: 0.105737 requests per cycle
       Cycles per Request: 1.18218

build/tinynocs_src_dv-ring_0.0.1/tb_ring_16-verilator/Vring_16 --perfect-mapping
Configuration: 
	Trace: Disabled
	Cycle Limit: 1000000
------------------
 Simulation Begin
------------------
Simulated 91465 cycles in 3199ms, rate of 28591.7 cycles per second.

[INFO] tinyNoC TB Statistics
       Network Style: Ring
       Number of Endpoints: 16
       Requester/Responder Endpoints: 8
       Total requests (for all endpoints): 80000
       Cycles to complete requests: 91458
       Request Completion Rate: 0.874718 requests per cycle
       Request Completion Rate Per Endpoint: 0.10934 requests per cycle
       Cycles per Request: 1.14323

Built and ran a 16-endpoint ring network with basic params\n
