Clock: CLK
Sources: CLK 
Generated: no
Virtual: yes
Propagated: no
Period: 10.000000

===========================================================================
report_clock_properties
============================================================================
Clock                   Period          Waveform
----------------------------------------------------
CLK                  10.000000    0.000000  5.000000

===========================================================================
report_clock_latency
============================================================================
Clock CLK
rise -> rise
    min     max
0.000000 0.000000 source latency
4.762745         network latency endpoint_5/endpoint_rx_buffer/_31863_/CLK
        5.769722 network latency endpoint_15/net_rx_buffer/_11990_/CLK
---------------
4.762745 5.769722 latency
        1.006976 skew

fall -> fall
    min     max
0.000000 0.000000 source latency
4.166401         network latency endpoint_2/endpoint_rx_buffer/_31548_/CLK
        5.195198 network latency endpoint_15/net_rx_buffer/_11990_/CLK
---------------
4.166401 5.195198 latency
        1.028797 skew



===========================================================================
report_clock_min_period
============================================================================
CLK period_min = 12.42 fmax = 80.52
