fusesoc --cores-root . run --build --target tb_mesh_5x3 tinynocs:src:dv-mesh
build/tinynocs_src_dv-mesh_0.0.1/tb_mesh_5x3-verilator/Vmesh
Configuration: 
	Trace: Disabled
	Cycle Limit: 1000000
------------------
 Simulation Begin
------------------
Simulated 45036 cycles in 2459ms, rate of 18314.8 cycles per second.

[INFO] tinyNoC TB Statistics
       Network Style: Mesh
       Number of Endpoints: 16
       Requester/Responder Endpoints: 16
       Total requests (for all endpoints): 160000
       Cycles to complete requests: 45029
       Request Completion Rate: 3.55327 requests per cycle
       Request Completion Rate Per Endpoint: 0.222079 requests per cycle
       Cycles per Request: 0.281431

build/tinynocs_src_dv-mesh_0.0.1/tb_mesh_5x3-verilator/Vmesh --split-endpoints
Configuration: 
	Trace: Disabled
	Cycle Limit: 1000000
------------------
 Simulation Begin
------------------
Simulated 32949 cycles in 1154ms, rate of 28552 cycles per second.

[INFO] tinyNoC TB Statistics
       Network Style: Mesh
       Number of Endpoints: 16
       Requester/Responder Endpoints: 8
       Total requests (for all endpoints): 80000
       Cycles to complete requests: 32942
       Request Completion Rate: 2.42851 requests per cycle
       Request Completion Rate Per Endpoint: 0.303564 requests per cycle
       Cycles per Request: 0.411775

build/tinynocs_src_dv-mesh_0.0.1/tb_mesh_5x3-verilator/Vmesh --perfect-mapping
Configuration: 
	Trace: Disabled
	Cycle Limit: 1000000
------------------
 Simulation Begin
------------------
Simulated 10647 cycles in 716ms, rate of 14870.1 cycles per second.

[INFO] tinyNoC TB Statistics
       Network Style: Mesh
       Number of Endpoints: 16
       Requester/Responder Endpoints: 8
       Total requests (for all endpoints): 80000
       Cycles to complete requests: 10640
       Request Completion Rate: 7.5188 requests per cycle
       Request Completion Rate Per Endpoint: 0.93985 requests per cycle
       Cycles per Request: 0.133

Built and ran a 16-endpoint 5x3 mesh network with basic params\n
