fusesoc --cores-root . run --build --target tb_mesh_5x3 tinynocs:src:dv-mesh
build/tinynocs_src_dv-mesh_0.0.1/tb_mesh_5x3-verilator/Vmesh
Configuration: 
	Trace: Disabled
	Cycle Limit: 1000000
------------------
 Simulation Begin
------------------
Simulated 44726 cycles in 2052ms, rate of 21796.3 cycles per second.

[INFO] tinyNoC TB Statistics
       Network Style: Mesh
       Number of Endpoints: 16
       Requester/Responder Endpoints: 16
       Total requests (for all endpoints): 160000
       Cycles to complete requests: 44719
       Request Completion Rate: 3.5779 requests per cycle
       Request Completion Rate Per Endpoint: 0.223619 requests per cycle
       Cycles per Request: 0.279494

build/tinynocs_src_dv-mesh_0.0.1/tb_mesh_5x3-verilator/Vmesh --split-endpoints
Configuration: 
	Trace: Disabled
	Cycle Limit: 1000000
------------------
 Simulation Begin
------------------
Simulated 35138 cycles in 1716ms, rate of 20476.7 cycles per second.

[INFO] tinyNoC TB Statistics
       Network Style: Mesh
       Number of Endpoints: 16
       Requester/Responder Endpoints: 8
       Total requests (for all endpoints): 80000
       Cycles to complete requests: 35131
       Request Completion Rate: 2.27719 requests per cycle
       Request Completion Rate Per Endpoint: 0.284649 requests per cycle
       Cycles per Request: 0.439137

build/tinynocs_src_dv-mesh_0.0.1/tb_mesh_5x3-verilator/Vmesh --perfect-mapping
Configuration: 
	Trace: Disabled
	Cycle Limit: 1000000
------------------
 Simulation Begin
------------------
Simulated 10023 cycles in 488ms, rate of 20538.9 cycles per second.

[INFO] tinyNoC TB Statistics
       Network Style: Mesh
       Number of Endpoints: 16
       Requester/Responder Endpoints: 8
       Total requests (for all endpoints): 80000
       Cycles to complete requests: 10016
       Request Completion Rate: 7.98722 requests per cycle
       Request Completion Rate Per Endpoint: 0.998403 requests per cycle
       Cycles per Request: 0.1252

Built and ran a 16-endpoint 5x3 mesh network with basic params\n
