fusesoc --cores-root . run --build --target tb_mesh_5x3 tinynocs:src:dv-mesh
build/tinynocs_src_dv-mesh_0.0.1/tb_mesh_5x3-verilator/Vmesh
Configuration: 
	Trace: Disabled
	Cycle Limit: 1000000
------------------
 Simulation Begin
------------------
Simulated 57582 cycles in 3105ms, rate of 18544.9 cycles per second.

[INFO] tinyNoC TB Statistics
       Network Style: Mesh
       Number of Endpoints: 16
       Requester/Responder Endpoints: 16
       Total requests (for all endpoints): 160000
       Cycles to complete requests: 57575
       Request Completion Rate: 2.77898 requests per cycle
       Request Completion Rate Per Endpoint: 0.173686 requests per cycle
       Cycles per Request: 0.359844

build/tinynocs_src_dv-mesh_0.0.1/tb_mesh_5x3-verilator/Vmesh --split-endpoints
Configuration: 
	Trace: Disabled
	Cycle Limit: 1000000
------------------
 Simulation Begin
------------------
Simulated 50799 cycles in 2454ms, rate of 20700.5 cycles per second.

[INFO] tinyNoC TB Statistics
       Network Style: Mesh
       Number of Endpoints: 16
       Requester/Responder Endpoints: 8
       Total requests (for all endpoints): 80000
       Cycles to complete requests: 50792
       Request Completion Rate: 1.57505 requests per cycle
       Request Completion Rate Per Endpoint: 0.196881 requests per cycle
       Cycles per Request: 0.6349

build/tinynocs_src_dv-mesh_0.0.1/tb_mesh_5x3-verilator/Vmesh --perfect-mapping
Configuration: 
	Trace: Disabled
	Cycle Limit: 1000000
------------------
 Simulation Begin
------------------
Simulated 42510 cycles in 1858ms, rate of 22879.4 cycles per second.

[INFO] tinyNoC TB Statistics
       Network Style: Mesh
       Number of Endpoints: 16
       Requester/Responder Endpoints: 8
       Total requests (for all endpoints): 80000
       Cycles to complete requests: 42503
       Request Completion Rate: 1.88222 requests per cycle
       Request Completion Rate Per Endpoint: 0.235278 requests per cycle
       Cycles per Request: 0.531287

Built and ran a 16-endpoint 5x3 mesh network with basic params\n
