fusesoc --cores-root . run --build --target tb_mesh_5x3 tinynocs:src:dv-mesh
build/tinynocs_src_dv-mesh_0.0.1/tb_mesh_5x3-verilator/Vmesh
Configuration: 
	Trace: Disabled
	Cycle Limit: 1000000
------------------
 Simulation Begin
------------------
Simulated 47215 cycles in 4860ms, rate of 9715.02 cycles per second.

[INFO] tinyNoC TB Statistics
       Network Style: Mesh
       Number of Endpoints: 16
       Requester/Responder Endpoints: 16
       Total requests (for all endpoints): 160000
       Cycles to complete requests: 47208
       Request Completion Rate: 3.38926 requests per cycle
       Request Completion Rate Per Endpoint: 0.211829 requests per cycle
       Cycles per Request: 0.29505

build/tinynocs_src_dv-mesh_0.0.1/tb_mesh_5x3-verilator/Vmesh --split-endpoints
Configuration: 
	Trace: Disabled
	Cycle Limit: 1000000
------------------
 Simulation Begin
------------------
Simulated 34802 cycles in 1776ms, rate of 19595.7 cycles per second.

[INFO] tinyNoC TB Statistics
       Network Style: Mesh
       Number of Endpoints: 16
       Requester/Responder Endpoints: 8
       Total requests (for all endpoints): 80000
       Cycles to complete requests: 34795
       Request Completion Rate: 2.29918 requests per cycle
       Request Completion Rate Per Endpoint: 0.287398 requests per cycle
       Cycles per Request: 0.434937

build/tinynocs_src_dv-mesh_0.0.1/tb_mesh_5x3-verilator/Vmesh --perfect-mapping
Configuration: 
	Trace: Disabled
	Cycle Limit: 1000000
------------------
 Simulation Begin
------------------
Simulated 21264 cycles in 1229ms, rate of 17301.9 cycles per second.

[INFO] tinyNoC TB Statistics
       Network Style: Mesh
       Number of Endpoints: 16
       Requester/Responder Endpoints: 8
       Total requests (for all endpoints): 80000
       Cycles to complete requests: 21257
       Request Completion Rate: 3.76347 requests per cycle
       Request Completion Rate Per Endpoint: 0.470433 requests per cycle
       Cycles per Request: 0.265712

Built and ran a 16-endpoint 5x3 mesh network with basic params\n
